<?xml version="1.0" encoding="UTF-8"?>
<!-- Generated by org.testng.reporters.JUnitReportReporter -->
<testsuite hostname="R90FDWLP" failures="0" tests="2" name="com.ericsson.edos.dopuatautomation.testcases.RasterTest" time="208.132" errors="0" timestamp="29 Jan 2019 09:45:32 GMT" skipped="0">
  <testcase classname="com.ericsson.edos.dopuatautomation.testcases.RasterTest" name="ValidtionofRasterPortal" time="41.225"/>
  <testcase classname="com.ericsson.edos.dopuatautomation.testcases.RasterTest" name="ValidtionofTopologyLayer" time="166.907"/>
</testsuite> <!-- com.ericsson.edos.dopuatautomation.testcases.RasterTest -->
