<?xml version="1.0" encoding="UTF-8"?>
<!-- Generated by org.testng.reporters.JUnitReportReporter -->
<testsuite skipped="0" hostname="5CG4503MCF" name="com.ericsson.edos.rulesengine.testcases.LoginPageTest" tests="7" failures="0" timestamp="10 Jan 2019 10:44:16 GMT" time="15.047" errors="0">
  <testcase name="EdosLogo1Test" time="2.039" classname="com.ericsson.edos.rulesengine.testcases.LoginPageTest"/>
  <testcase name="EdosLogo2Test" time="2.040" classname="com.ericsson.edos.rulesengine.testcases.LoginPageTest"/>
  <testcase name="EdosLogoText1Test" time="2.044" classname="com.ericsson.edos.rulesengine.testcases.LoginPageTest"/>
  <testcase name="EdosLogoText2Test" time="2.034" classname="com.ericsson.edos.rulesengine.testcases.LoginPageTest"/>
  <testcase name="SetusernameTest" time="2.719" classname="com.ericsson.edos.rulesengine.testcases.LoginPageTest"/>
  <testcase name="SetUserPasswordTest" time="2.099" classname="com.ericsson.edos.rulesengine.testcases.LoginPageTest"/>
  <testcase name="ClickEnterButtonTest" time="2.072" classname="com.ericsson.edos.rulesengine.testcases.LoginPageTest"/>
</testsuite> <!-- com.ericsson.edos.rulesengine.testcases.LoginPageTest -->
