<?xml version="1.0" encoding="UTF-8"?>
<!-- Generated by org.testng.reporters.JUnitReportReporter -->
<testsuite skipped="0" hostname="5CD7432DCS" name="com.soc.testcases.RulesEngineTest" tests="5" failures="0" timestamp="03 Sep 2018 05:59:19 GMT" time="9.801" errors="0">
  <testcase name="RulesEngineLogoDisplayTest" time="7.058" classname="com.soc.testcases.RulesEngineTest"/>
  <testcase name="ClickRulesEngineTextTest" time="2.037" classname="com.soc.testcases.RulesEngineTest"/>
  <testcase name="ClickEdosMailManagementPageTest" time="0.231" classname="com.soc.testcases.RulesEngineTest"/>
  <testcase name="ClickEdosRulesManagementPageTest" time="0.337" classname="com.soc.testcases.RulesEngineTest"/>
  <testcase name="ClickTemplateManagementPageTest" time="0.138" classname="com.soc.testcases.RulesEngineTest"/>
</testsuite> <!-- com.soc.testcases.RulesEngineTest -->
