<?xml version="1.0" encoding="UTF-8"?>
<!-- Generated by org.testng.reporters.JUnitReportReporter -->
<testsuite hostname="R90FDWLP" failures="0" tests="5" name="com.ericsson.edos.rulesengine.testcases.MailManagementTest" time="59.685" errors="0" timestamp="06 Nov 2018 11:28:07 GMT" skipped="0">
  <testcase classname="com.ericsson.edos.rulesengine.testcases.MailManagementTest" name="RulesManagementEmialTest" time="17.808"/>
  <testcase classname="com.ericsson.edos.rulesengine.testcases.MailManagementTest" name="ValidateEmailUserTest" time="22.063"/>
  <testcase classname="com.ericsson.edos.rulesengine.testcases.MailManagementTest" name="RulesManagementListTest" time="15.452"/>
  <testcase classname="com.ericsson.edos.rulesengine.testcases.MailManagementTest" name="ValidateListTest" time="4.217"/>
  <testcase classname="com.ericsson.edos.rulesengine.testcases.MailManagementTest" name="MoveToNextPage" time="0.145"/>
</testsuite> <!-- com.ericsson.edos.rulesengine.testcases.MailManagementTest -->
