<?xml version="1.0" encoding="UTF-8"?>
<!-- Generated by org.testng.reporters.JUnitReportReporter -->
<testsuite skipped="0" hostname="5CD7432DCS" name="com.soc.testcases.LandingpageTest" tests="6" failures="0" timestamp="03 Sep 2018 05:59:19 GMT" time="4.537" errors="0">
  <testcase name="LandingPageTitleTest" time="0.021" classname="com.soc.testcases.LandingpageTest"/>
  <testcase name="legalnoticelogoTest" time="0.431" classname="com.soc.testcases.LandingpageTest"/>
  <testcase name="licensecontentlogoTest" time="0.054" classname="com.soc.testcases.LandingpageTest"/>
  <testcase name="legalnoticelogoText1Test" time="0.054" classname="com.soc.testcases.LandingpageTest"/>
  <testcase name="licensecontentlogoText2Test" time="0.059" classname="com.soc.testcases.LandingpageTest"/>
  <testcase name="proceedbuttonTest" time="3.918" classname="com.soc.testcases.LandingpageTest"/>
</testsuite> <!-- com.soc.testcases.LandingpageTest -->
