<?xml version="1.0" encoding="UTF-8"?>
<!-- Generated by org.testng.reporters.JUnitReportReporter -->
<testsuite skipped="0" hostname="5CG4503MCF" name="com.ericsson.edos.rulesengine.testcases.LandingpageTest" tests="6" failures="0" timestamp="10 Jan 2019 10:44:16 GMT" time="15.279" errors="0">
  <testcase name="LandingPageTitleTest" time="2.014" classname="com.ericsson.edos.rulesengine.testcases.LandingpageTest"/>
  <testcase name="LegalNoticeLogoTest" time="2.055" classname="com.ericsson.edos.rulesengine.testcases.LandingpageTest"/>
  <testcase name="LicenseContentLogoTest" time="2.051" classname="com.ericsson.edos.rulesengine.testcases.LandingpageTest"/>
  <testcase name="LegalNoticeLogoTextTest" time="2.037" classname="com.ericsson.edos.rulesengine.testcases.LandingpageTest"/>
  <testcase name="LicenseContentLogoTextTest" time="2.035" classname="com.ericsson.edos.rulesengine.testcases.LandingpageTest"/>
  <testcase name="ProceedButtonTest" time="5.087" classname="com.ericsson.edos.rulesengine.testcases.LandingpageTest"/>
</testsuite> <!-- com.ericsson.edos.rulesengine.testcases.LandingpageTest -->
