<?xml version="1.0" encoding="UTF-8"?>
<!-- Generated by org.testng.reporters.JUnitReportReporter -->
<testsuite skipped="0" hostname="5CG4503MCF" name="com.ericsson.edos.rulesengine.testcases.applicationTest" tests="2" failures="0" timestamp="10 Jan 2019 10:44:16 GMT" time="17.051" errors="0">
  <testcase name="VerifyApplicationPage" time="15.015" classname="com.ericsson.edos.rulesengine.testcases.applicationTest"/>
  <testcase name="VerifyEdosDpLogo" time="2.036" classname="com.ericsson.edos.rulesengine.testcases.applicationTest"/>
</testsuite> <!-- com.ericsson.edos.rulesengine.testcases.applicationTest -->
