<?xml version="1.0" encoding="UTF-8"?>
<!-- Generated by org.testng.reporters.JUnitReportReporter -->
<testsuite skipped="0" hostname="5CD7432DCS" name="com.soc.testcases.applicationTest" tests="3" failures="0" timestamp="03 Sep 2018 05:59:19 GMT" time="18.131" errors="0">
  <testcase name="verifyApplicationPage" time="10.013" classname="com.soc.testcases.applicationTest"/>
  <testcase name="verifyEdosDpLogo" time="2.110" classname="com.soc.testcases.applicationTest"/>
  <testcase name="ClickRulesEngineTest" time="6.008" classname="com.soc.testcases.applicationTest"/>
</testsuite> <!-- com.soc.testcases.applicationTest -->
