<?xml version="1.0" encoding="UTF-8"?>
<!-- Generated by org.testng.reporters.JUnitReportReporter -->
<testsuite hostname="R90FDWLP" failures="0" tests="5" name="com.ericsson.edos.rulesengine.testcases.RulesEngineTest" time="23.101" errors="0" timestamp="06 Nov 2018 11:28:07 GMT" skipped="0">
  <testcase classname="com.ericsson.edos.rulesengine.testcases.RulesEngineTest" name="ClickEdosRulesManagementPageTest" time="18.063"/>
  <testcase classname="com.ericsson.edos.rulesengine.testcases.RulesEngineTest" name="ClickTemplateManagementPageTest" time="1.229"/>
  <testcase classname="com.ericsson.edos.rulesengine.testcases.RulesEngineTest" name="ClickEdosMailManagementPageTest" time="1.243"/>
  <testcase classname="com.ericsson.edos.rulesengine.testcases.RulesEngineTest" name="ClickSchedularTest" time="1.207"/>
  <testcase classname="com.ericsson.edos.rulesengine.testcases.RulesEngineTest" name="ClickCalendarPageTest" time="1.359"/>
</testsuite> <!-- com.ericsson.edos.rulesengine.testcases.RulesEngineTest -->
