<?xml version="1.0" encoding="UTF-8"?>
<!-- Generated by org.testng.reporters.JUnitReportReporter -->
<testsuite skipped="0" hostname="5CD7432DCS" name="com.soc.testcases.LoginPageTest" tests="6" failures="0" timestamp="11 Sep 2018 09:34:06 GMT" time="6.675" errors="0">
  <testcase name="EdosLogo1Test" time="0.069" classname="com.soc.testcases.LoginPageTest"/>
  <testcase name="EdosLogo2Test" time="2.044" classname="com.soc.testcases.LoginPageTest"/>
  <testcase name="EdosLogoText1Test" time="2.042" classname="com.soc.testcases.LoginPageTest"/>
  <testcase name="EdosLogoText2Test" time="2.042" classname="com.soc.testcases.LoginPageTest"/>
  <testcase name="setusername" time="0.359" classname="com.soc.testcases.LoginPageTest"/>
  <testcase name="setuserPassword" time="0.119" classname="com.soc.testcases.LoginPageTest"/>
</testsuite> <!-- com.soc.testcases.LoginPageTest -->
