<?xml version="1.0" encoding="UTF-8"?>
<!-- Generated by org.testng.reporters.JUnitReportReporter -->
<testsuite skipped="0" hostname="5CG4503MCF" name="com.ericsson.edos.dopuatautomation.testcases.LoginPageTest" tests="7" failures="0" timestamp="12 Mar 2019 11:21:26 GMT" time="15.164" errors="0">
  <testcase name="EdosLogo1Test" time="2.032" classname="com.ericsson.edos.dopuatautomation.testcases.LoginPageTest"/>
  <testcase name="EdosLogo2Test" time="2.032" classname="com.ericsson.edos.dopuatautomation.testcases.LoginPageTest"/>
  <testcase name="EdosLogoText1Test" time="2.033" classname="com.ericsson.edos.dopuatautomation.testcases.LoginPageTest"/>
  <testcase name="EdosLogoText2Test" time="2.040" classname="com.ericsson.edos.dopuatautomation.testcases.LoginPageTest"/>
  <testcase name="SetusernameTest" time="2.796" classname="com.ericsson.edos.dopuatautomation.testcases.LoginPageTest"/>
  <testcase name="SetUserPasswordTest" time="2.131" classname="com.ericsson.edos.dopuatautomation.testcases.LoginPageTest"/>
  <testcase name="ClickEnterButtonTest" time="2.100" classname="com.ericsson.edos.dopuatautomation.testcases.LoginPageTest"/>
</testsuite> <!-- com.ericsson.edos.dopuatautomation.testcases.LoginPageTest -->
