<?xml version="1.0" encoding="UTF-8"?>
<!-- Generated by org.testng.reporters.JUnitReportReporter -->
<testsuite skipped="0" hostname="5CG4503MCF" name="com.ericsson.edos.dopuatautomation.testcases.LandingpageTest" tests="6" failures="0" timestamp="12 Mar 2019 11:21:26 GMT" time="15.238" errors="0">
  <testcase name="LandingPageTitleTest" time="2.016" classname="com.ericsson.edos.dopuatautomation.testcases.LandingpageTest"/>
  <testcase name="LegalNoticeLogoTest" time="2.043" classname="com.ericsson.edos.dopuatautomation.testcases.LandingpageTest"/>
  <testcase name="LicenseContentLogoTest" time="2.035" classname="com.ericsson.edos.dopuatautomation.testcases.LandingpageTest"/>
  <testcase name="LegalNoticeLogoTextTest" time="2.043" classname="com.ericsson.edos.dopuatautomation.testcases.LandingpageTest"/>
  <testcase name="LicenseContentLogoTextTest" time="2.038" classname="com.ericsson.edos.dopuatautomation.testcases.LandingpageTest"/>
  <testcase name="ProceedButtonTest" time="5.063" classname="com.ericsson.edos.dopuatautomation.testcases.LandingpageTest"/>
</testsuite> <!-- com.ericsson.edos.dopuatautomation.testcases.LandingpageTest -->
