<?xml version="1.0" encoding="UTF-8"?>
<!-- Generated by org.testng.reporters.JUnitReportReporter -->
<testsuite skipped="0" hostname="5CG4503MCF" name="com.ericsson.edos.dopuatautomation.testcases.applicationTest" tests="1" failures="0" timestamp="12 Mar 2019 11:21:25 GMT" time="22.809" errors="0">
  <testcase name="VerifyCMPMDashboard" time="22.809" classname="com.ericsson.edos.dopuatautomation.testcases.applicationTest"/>
</testsuite> <!-- com.ericsson.edos.dopuatautomation.testcases.applicationTest -->
