<?xml version="1.0" encoding="UTF-8"?>
<!-- Generated by org.testng.reporters.JUnitReportReporter -->
<testsuite hostname="R90FDWLP" failures="0" tests="6" name="com.ericsson.edos.rulesengine.testcases.CalendarTest_newenv" time="17.518" errors="0" timestamp="04 Oct 2018 09:41:53 GMT" skipped="0">
  <testcase classname="com.ericsson.edos.rulesengine.testcases.CalendarTest_newenv" name="SummaryIconTest" time="6.414"/>
  <testcase classname="com.ericsson.edos.rulesengine.testcases.CalendarTest_newenv" name="GetResultSummaryTextTest" time="2.107"/>
  <testcase classname="com.ericsson.edos.rulesengine.testcases.CalendarTest_newenv" name="clickResultInfoandgetTextTest" time="2.212"/>
  <testcase classname="com.ericsson.edos.rulesengine.testcases.CalendarTest_newenv" name="clickFiltersandgetTextTest" time="2.236"/>
  <testcase classname="com.ericsson.edos.rulesengine.testcases.CalendarTest_newenv" name="clickReportsandgetTextTest" time="2.249"/>
  <testcase classname="com.ericsson.edos.rulesengine.testcases.CalendarTest_newenv" name="clickSessionLoggetTextTest" time="2.300"/>
</testsuite> <!-- com.ericsson.edos.rulesengine.testcases.CalendarTest_newenv -->
