<?xml version="1.0" encoding="UTF-8"?>
<!-- Generated by org.testng.reporters.JUnitReportReporter -->
<testsuite hostname="R90FDWLP" failures="0" tests="9" name="com.ericsson.edos.rulesengine.testcases.RulesManagementTest" time="181.222" errors="0" timestamp="06 Nov 2018 11:28:07 GMT" skipped="0">
  <testcase classname="com.ericsson.edos.rulesengine.testcases.RulesManagementTest" name="RulesManagementfor3GTest" time="35.856"/>
  <testcase classname="com.ericsson.edos.rulesengine.testcases.RulesManagementTest" name="Validationof3GRulesManagementTest" time="11.587"/>
  <testcase classname="com.ericsson.edos.rulesengine.testcases.RulesManagementTest" name="RulesManagementfor4GTest" time="35.468"/>
  <testcase classname="com.ericsson.edos.rulesengine.testcases.RulesManagementTest" name="Validationof4GRulesManagementTest" time="13.640"/>
  <testcase classname="com.ericsson.edos.rulesengine.testcases.RulesManagementTest" name="RulesManagementfor3GApp_xls_Test" time="30.650"/>
  <testcase classname="com.ericsson.edos.rulesengine.testcases.RulesManagementTest" name="Validationof3GRulesManagement_xls_Test" time="11.624"/>
  <testcase classname="com.ericsson.edos.rulesengine.testcases.RulesManagementTest" name="RulesManagementfor4GApp_xls_Test" time="30.625"/>
  <testcase classname="com.ericsson.edos.rulesengine.testcases.RulesManagementTest" name="Validationof4GRulesManagement_xls_Test" time="11.608"/>
  <testcase classname="com.ericsson.edos.rulesengine.testcases.RulesManagementTest" name="MoveToNextPage" time="0.164"/>
</testsuite> <!-- com.ericsson.edos.rulesengine.testcases.RulesManagementTest -->
