<?xml version="1.0" encoding="UTF-8"?>
<!-- Generated by org.testng.reporters.JUnitReportReporter -->
<testsuite hostname="R90FDWLP" failures="0" tests="7" name="com.ericsson.edos.rulesengine.testcases.TemplateManagementTest" time="66.566" errors="0" timestamp="06 Nov 2018 11:28:08 GMT" skipped="0">
  <testcase classname="com.ericsson.edos.rulesengine.testcases.TemplateManagementTest" name="TemplateManagement3GTest" time="17.900"/>
  <testcase classname="com.ericsson.edos.rulesengine.testcases.TemplateManagementTest" name="Validate3GTemplateManagementTest" time="4.266"/>
  <testcase classname="com.ericsson.edos.rulesengine.testcases.TemplateManagementTest" name="TemplateManagement4GTest" time="17.949"/>
  <testcase classname="com.ericsson.edos.rulesengine.testcases.TemplateManagementTest" name="Validate4GTemplateManagementTest" time="4.280"/>
  <testcase classname="com.ericsson.edos.rulesengine.testcases.TemplateManagementTest" name="TemplateManagement_AppCoverageTest" time="17.666"/>
  <testcase classname="com.ericsson.edos.rulesengine.testcases.TemplateManagementTest" name="ValidateAppTemplateManagementTest" time="4.269"/>
  <testcase classname="com.ericsson.edos.rulesengine.testcases.TemplateManagementTest" name="MoveToNextPage" time="0.236"/>
</testsuite> <!-- com.ericsson.edos.rulesengine.testcases.TemplateManagementTest -->
